<?xml version="1.0" encoding="UTF-8"?>
<testsuite xmlns:xsi="http://www.w3.org/2001/XMLSchema-instance" xsi:noNamespaceSchemaLocation="https://maven.apache.org/surefire/maven-surefire-plugin/xsd/surefire-test-report-3.0.xsd" version="3.0" name="ru.yandex.myblog.service.TagServiceImplTest" time="0.006" tests="4" errors="0" skipped="0" failures="0">
  <properties>
[...]
</properties>
  <testcase name="getAllByPostIds" classname="ru.yandex.myblog.service.TagServiceImplTest" time="0.0"/>
  <testcase name="testSaveAll_whenInvoke_success" classname="ru.yandex.myblog.service.TagServiceImplTest" time="0.001"/>
  <testcase name="getAllByPostId" classname="ru.yandex.myblog.service.TagServiceImplTest" time="0.0"/>
  <testcase name="deletePostTagsByPostId" classname="ru.yandex.myblog.service.TagServiceImplTest" time="0.0"/>
</testsuite>